<?xml version="1.0" encoding="UTF-8"?>
<!-- Generated by org.testng.reporters.JUnitReportReporter -->
<testsuite hostname="DESKTOP-SBRDJJE" failures="0" tests="2" name="rahulshettyacademy.test.SubmitOrderTest" time="17.919" errors="0" timestamp="2024-07-14T19:17:59 IST" skipped="0">
  <testcase classname="rahulshettyacademy.test.SubmitOrderTest" name="SubmitOrderTest" time="10.251"/>
  <testcase classname="rahulshettyacademy.test.SubmitOrderTest" name="SubmitOrderTest" time="7.668"/>
</testsuite> <!-- rahulshettyacademy.test.SubmitOrderTest -->
