<?xml version="1.0" encoding="UTF-8"?>
<!-- Generated by org.testng.reporters.JUnitReportReporter -->
<testsuite hostname="DESKTOP-SBRDJJE" failures="0" tests="1" name="rahulshettyacademy.test.ErrorValidationTest" time="3.335" errors="0" timestamp="2024-07-14T19:18:12 IST" skipped="0">
  <testcase classname="rahulshettyacademy.test.ErrorValidationTest" name="loginErrorValidation" time="3.335"/>
</testsuite> <!-- rahulshettyacademy.test.ErrorValidationTest -->
